<?xml version="1.0" encoding="UTF-8"?>
<!-- Generated by org.testng.reporters.JUnitXMLReporter -->
<testsuite ignored="0" hostname="LAPTOP-GAUPM6CM" failures="0" tests="2" name="Default test" time="17.653" errors="0" timestamp="2024-05-10T21:25:05 IST">
  <testcase classname="may10th.ValidateLogin" name="validateLoginUsingInValidUsernameAndValidPassword" time="3.713"/>
  <testcase classname="may10th.ValidateLogin" name="validateLoginUsingValidUsernameAndValidPassword" time="3.788"/>
</testsuite> <!-- Default test -->
