<?xml version="1.0" encoding="UTF-8"?>
<testng-results ignored="0" total="1" passed="1" failed="0" skipped="0">
  <reporter-output>
  </reporter-output>
  <suite started-at="2024-05-17T21:29:01 IST" name="Default suite" finished-at="2024-05-17T21:29:24 IST" duration-ms="23345">
    <groups>
    </groups>
    <test started-at="2024-05-17T21:29:01 IST" name="Default test" finished-at="2024-05-17T21:29:24 IST" duration-ms="23345">
      <class name="may17th.FrameHanlding3">
        <test-method is-config="true" signature="setUp()[pri:0, instance:may17th.FrameHanlding3@5f049ea1]" started-at="2024-05-17T21:29:01 IST" name="setUp" finished-at="2024-05-17T21:29:16 IST" duration-ms="14864" status="PASS">
          <reporter-output>
          </reporter-output>
        </test-method> <!-- setUp -->
        <test-method signature="frameHandlingTest()[pri:0, instance:may17th.FrameHanlding3@5f049ea1]" started-at="2024-05-17T21:29:16 IST" name="frameHandlingTest" finished-at="2024-05-17T21:29:21 IST" duration-ms="4964" status="PASS">
          <reporter-output>
          </reporter-output>
        </test-method> <!-- frameHandlingTest -->
        <test-method is-config="true" signature="teardown()[pri:0, instance:may17th.FrameHanlding3@5f049ea1]" started-at="2024-05-17T21:29:21 IST" name="teardown" finished-at="2024-05-17T21:29:24 IST" duration-ms="3445" status="PASS">
          <reporter-output>
          </reporter-output>
        </test-method> <!-- teardown -->
      </class> <!-- may17th.FrameHanlding3 -->
    </test> <!-- Default test -->
  </suite> <!-- Default suite -->
</testng-results>
