<?xml version="1.0" encoding="UTF-8"?>
<testng-results ignored="0" total="1" passed="1" failed="0" skipped="0">
  <reporter-output>
  </reporter-output>
  <suite started-at="2024-05-16T21:10:16 IST" name="Default suite" finished-at="2024-05-16T21:11:07 IST" duration-ms="51402">
    <groups>
    </groups>
    <test started-at="2024-05-16T21:10:16 IST" name="Default test" finished-at="2024-05-16T21:11:07 IST" duration-ms="51402">
      <class name="may16th.MultipleWindowHandle2">
        <test-method is-config="true" signature="setUp()[pri:0, instance:may16th.MultipleWindowHandle2@402c4085]" started-at="2024-05-16T21:10:16 IST" name="setUp" finished-at="2024-05-16T21:10:21 IST" duration-ms="4734" status="PASS">
          <reporter-output>
          </reporter-output>
        </test-method> <!-- setUp -->
        <test-method signature="mutlipleWindowHandlingTest()[pri:0, instance:may16th.MultipleWindowHandle2@402c4085]" started-at="2024-05-16T21:10:21 IST" name="mutlipleWindowHandlingTest" finished-at="2024-05-16T21:11:04 IST" duration-ms="43029" status="PASS">
          <reporter-output>
          </reporter-output>
        </test-method> <!-- mutlipleWindowHandlingTest -->
        <test-method is-config="true" signature="teardown()[pri:0, instance:may16th.MultipleWindowHandle2@402c4085]" started-at="2024-05-16T21:11:04 IST" name="teardown" finished-at="2024-05-16T21:11:07 IST" duration-ms="3569" status="PASS">
          <reporter-output>
          </reporter-output>
        </test-method> <!-- teardown -->
      </class> <!-- may16th.MultipleWindowHandle2 -->
    </test> <!-- Default test -->
  </suite> <!-- Default suite -->
</testng-results>
